# JRE version: OpenJDK Runtime Environment (25.0.2+10) (build 25.0.2+10-alpine-r1)
# Java VM: OpenJDK 64-Bit Server VM (25.0.2+10-alpine-r1, mixed mode, sharing, tiered, compressed oops, compressed class ptrs, g1 gc, linux-amd64)
GC Precious Log:
 CardTable entry size: 512
 Card Set container configuration: InlinePtr #cards 4 size 8 Array Of Cards #cards 16 size 48 Howl #buckets 8 coarsen threshold 3686 Howl Bitmap #cards 512 size 80 coarsen threshold 460 Card regions per heap region 1 cards per card region 4096
 CPUs: 8 total, 8 available
 Memory: 15986M
 Large Page Support: Disabled
 NUMA Support: Disabled
 Compressed Oops: Enabled (Zero based)
 Heap Region Size: 2M
 Heap Min Capacity: 8M
 Heap Initial Capacity: 250M
 Heap Max Capacity: 3998M
 Pre-touch: Disabled
 Parallel Workers: 8
 Concurrent Workers: 2
 Concurrent Refinement Workers: 8
 Periodic GC: Disabled
Heap:
 garbage-first heap   total reserved 4093952K, committed 286720K, used 227056K [0x0000000706200000, 0x0000000800000000)
  region size 2048K, 55 young (112640K), 8 survivors (16384K)
GC Heap Usage History (20 events):
Event: 69.665 {heap Before GC invocations=19 (full 0):
 garbage-first heap   total reserved 4093952K, committed 100352K, used 79872K [0x0000000706200000, 0x0000000800000000)
  region size 2048K, 13 young (26624K), 2 survivors (4096K)
}
Event: 69.692 {heap After GC invocations=20 (full 0):
 garbage-first heap   total reserved 4093952K, committed 100352K, used 63945K [0x0000000706200000, 0x0000000800000000)
  region size 2048K, 2 young (4096K), 2 survivors (4096K)
}
Event: 70.899 {heap Before GC invocations=20 (full 0):
 garbage-first heap   total reserved 4093952K, committed 100352K, used 86473K [0x0000000706200000, 0x0000000800000000)
  region size 2048K, 13 young (26624K), 2 survivors (4096K)
}
Event: 70.946 {heap After GC invocations=21 (full 0):
 garbage-first heap   total reserved 4093952K, committed 100352K, used 68412K [0x0000000706200000, 0x0000000800000000)
  region size 2048K, 2 young (4096K), 2 survivors (4096K)
}
Event: 72.154 {heap Before GC invocations=21 (full 0):
 garbage-first heap   total reserved 4093952K, committed 100352K, used 88892K [0x0000000706200000, 0x0000000800000000)
  region size 2048K, 12 young (24576K), 2 survivors (4096K)
}
Event: 72.203 {heap After GC invocations=22 (full 0):
 garbage-first heap   total reserved 4093952K, committed 122880K, used 73149K [0x0000000706200000, 0x0000000800000000)
  region size 2048K, 2 young (4096K), 2 survivors (4096K)
}
Event: 74.268 {heap Before GC invocations=23 (full 0):
 garbage-first heap   total reserved 4093952K, committed 122880K, used 103869K [0x0000000706200000, 0x0000000800000000)
  region size 2048K, 18 young (36864K), 2 survivors (4096K)
}
Event: 74.304 {heap After GC invocations=24 (full 0):
 garbage-first heap   total reserved 4093952K, committed 122880K, used 79597K [0x0000000706200000, 0x0000000800000000)
  region size 2048K, 3 young (6144K), 3 survivors (6144K)
}
Event: 75.651 {heap Before GC invocations=24 (full 0):
 garbage-first heap   total reserved 4093952K, committed 122880K, used 108269K [0x0000000706200000, 0x0000000800000000)
  region size 2048K, 17 young (34816K), 3 survivors (6144K)
}
Event: 75.711 {heap After GC invocations=25 (full 0):
 garbage-first heap   total reserved 4093952K, committed 124928K, used 85068K [0x0000000706200000, 0x0000000800000000)
  region size 2048K, 3 young (6144K), 3 survivors (6144K)
}
Event: 76.870 {heap Before GC invocations=25 (full 0):
 garbage-first heap   total reserved 4093952K, committed 124928K, used 109644K [0x0000000706200000, 0x0000000800000000)
  region size 2048K, 15 young (30720K), 3 survivors (6144K)
}
Event: 76.939 {heap After GC invocations=26 (full 0):
 garbage-first heap   total reserved 4093952K, committed 124928K, used 90466K [0x0000000706200000, 0x0000000800000000)
  region size 2048K, 2 young (4096K), 2 survivors (4096K)
}
Event: 78.175 {heap Before GC invocations=27 (full 0):
 garbage-first heap   total reserved 4093952K, committed 153600K, used 110946K [0x0000000706200000, 0x0000000800000000)
  region size 2048K, 12 young (24576K), 2 survivors (4096K)
}
Event: 78.230 {heap After GC invocations=28 (full 0):
 garbage-first heap   total reserved 4093952K, committed 153600K, used 96420K [0x0000000706200000, 0x0000000800000000)
  region size 2048K, 2 young (4096K), 2 survivors (4096K)
}
Event: 80.991 {heap Before GC invocations=28 (full 0):
 garbage-first heap   total reserved 4093952K, committed 153600K, used 129188K [0x0000000706200000, 0x0000000800000000)
  region size 2048K, 18 young (36864K), 2 survivors (4096K)
}
Event: 81.082 {heap After GC invocations=29 (full 0):
 garbage-first heap   total reserved 4093952K, committed 153600K, used 100750K [0x0000000706200000, 0x0000000800000000)
  region size 2048K, 3 young (6144K), 3 survivors (6144K)
}
Event: 82.786 {heap Before GC invocations=29 (full 0):
 garbage-first heap   total reserved 4093952K, committed 153600K, used 133518K [0x0000000706200000, 0x0000000800000000)
  region size 2048K, 19 young (38912K), 3 survivors (6144K)
}
Event: 82.842 {heap After GC invocations=30 (full 0):
 garbage-first heap   total reserved 4093952K, committed 286720K, used 108036K [0x0000000706200000, 0x0000000800000000)
  region size 2048K, 3 young (6144K), 3 survivors (6144K)
}
Event: 90.669 {heap Before GC invocations=31 (full 0):
 garbage-first heap   total reserved 4093952K, committed 286720K, used 220676K [0x0000000706200000, 0x0000000800000000)
  region size 2048K, 58 young (118784K), 3 survivors (6144K)
}
Event: 90.773 {heap After GC invocations=32 (full 0):
 garbage-first heap   total reserved 4093952K, committed 286720K, used 130800K [0x0000000706200000, 0x0000000800000000)
  region size 2048K, 8 young (16384K), 8 survivors (16384K)
}

